TN:
SF:src\modules\accounts\useCases\authenticateUser\AuthenticateUserController.ts
FN:7,handle
FNF:1
FNH:1
FNDA:3,handle
DA:1,1
DA:2,1
DA:3,1
DA:4,1
DA:5,1
DA:6,1
DA:7,1
DA:8,3
DA:9,3
DA:10,3
DA:11,3
DA:12,3
DA:13,1
DA:14,1
DA:15,1
LF:15
LH:15
BRDA:7,0,0,3
BRF:1
BRH:1
end_of_record
TN:
SF:src\modules\accounts\useCases\authenticateUser\AuthenticateUserUseCase.ts
FN:27,AuthenticateUserUseCase
FN:36,execute
FNF:2
FNH:2
FNDA:6,AuthenticateUserUseCase
FNDA:6,execute
DA:1,1
DA:2,1
DA:3,1
DA:4,1
DA:5,1
DA:6,1
DA:7,1
DA:8,1
DA:9,1
DA:10,1
DA:11,1
DA:12,1
DA:13,1
DA:14,1
DA:15,1
DA:16,1
DA:17,1
DA:18,1
DA:19,1
DA:20,1
DA:21,1
DA:22,1
DA:23,1
DA:24,1
DA:25,1
DA:26,1
DA:27,1
DA:28,6
DA:29,6
DA:30,6
DA:31,6
DA:32,6
DA:33,6
DA:34,6
DA:35,1
DA:36,1
DA:37,6
DA:38,6
DA:39,6
DA:40,6
DA:41,6
DA:42,6
DA:43,6
DA:44,6
DA:45,6
DA:46,6
DA:47,1
DA:48,1
DA:49,5
DA:50,5
DA:51,6
DA:52,0
DA:53,0
DA:54,4
DA:55,4
DA:56,4
DA:57,4
DA:58,4
DA:59,4
DA:60,4
DA:61,4
DA:62,4
DA:63,4
DA:64,4
DA:65,4
DA:66,4
DA:67,4
DA:68,4
DA:69,4
DA:70,4
DA:71,4
DA:72,4
DA:73,4
DA:74,4
DA:75,4
DA:76,4
DA:77,4
DA:78,4
DA:79,4
DA:80,4
DA:81,4
DA:82,4
DA:83,1
DA:84,1
DA:85,1
LF:85
LH:83
BRDA:27,0,0,6
BRDA:36,1,0,6
BRDA:46,2,0,1
BRDA:49,3,0,5
BRDA:51,4,0,4
BRDA:51,5,0,0
BRDA:54,6,0,4
BRF:7
BRH:6
end_of_record
TN:
SF:src\modules\accounts\useCases\createUser\CreateUserController.ts
FN:7,handle
FNF:1
FNH:0
FNDA:0,handle
DA:1,1
DA:2,1
DA:3,1
DA:4,1
DA:5,1
DA:6,1
DA:7,1
DA:8,0
DA:9,0
DA:10,0
DA:11,0
DA:12,0
DA:13,0
DA:14,0
DA:15,0
DA:16,0
DA:17,0
DA:18,0
DA:19,0
DA:20,1
DA:21,1
DA:22,1
LF:22
LH:10
BRF:0
BRH:0
end_of_record
TN:
SF:src\modules\accounts\useCases\createUser\CreateUserUseCase.ts
FN:11,CreateUserUseCase
FN:16,execute
FNF:2
FNH:2
FNDA:3,CreateUserUseCase
FNDA:2,execute
DA:1,1
DA:2,1
DA:3,1
DA:4,1
DA:5,1
DA:6,1
DA:7,1
DA:8,1
DA:9,1
DA:10,1
DA:11,1
DA:12,3
DA:13,3
DA:14,3
DA:15,1
DA:16,1
DA:17,2
DA:18,2
DA:19,2
DA:20,2
DA:21,2
DA:22,0
DA:23,0
DA:24,2
DA:25,2
DA:26,2
DA:27,2
DA:28,2
DA:29,2
DA:30,2
DA:31,2
DA:32,2
DA:33,1
DA:34,1
DA:35,1
LF:35
LH:33
BRDA:11,0,0,3
BRDA:16,1,0,2
BRDA:21,2,0,0
BRF:3
BRH:2
end_of_record
TN:
SF:src\modules\accounts\useCases\refreshToken\RefreshTokenController.ts
FN:7,handle
FNF:1
FNH:0
FNDA:0,handle
DA:1,1
DA:2,1
DA:3,1
DA:4,1
DA:5,1
DA:6,1
DA:7,1
DA:8,0
DA:9,0
DA:10,0
DA:11,0
DA:12,0
DA:13,0
DA:14,0
DA:15,0
DA:16,1
DA:17,1
DA:18,1
LF:18
LH:10
BRF:0
BRH:0
end_of_record
TN:
SF:src\modules\accounts\useCases\refreshToken\RefreshTokenUseCase.ts
FN:15,RefreshTokenUseCase
FN:22,execute
FNF:2
FNH:0
FNDA:0,RefreshTokenUseCase
FNDA:0,execute
DA:1,1
DA:2,1
DA:3,1
DA:4,1
DA:5,1
DA:6,1
DA:7,1
DA:8,1
DA:9,1
DA:10,1
DA:11,1
DA:12,1
DA:13,1
DA:14,1
DA:15,1
DA:16,0
DA:17,0
DA:18,0
DA:19,0
DA:20,0
DA:21,1
DA:22,1
DA:23,0
DA:24,0
DA:25,0
DA:26,0
DA:27,0
DA:28,0
DA:29,0
DA:30,0
DA:31,0
DA:32,0
DA:33,0
DA:34,0
DA:35,0
DA:36,0
DA:37,0
DA:38,0
DA:39,0
DA:40,0
DA:41,0
DA:42,0
DA:43,0
DA:44,0
DA:45,1
DA:46,1
DA:47,1
LF:47
LH:20
BRF:0
BRH:0
end_of_record
TN:
SF:src\modules\accounts\useCases\resetPassword\ResetPasswordUserController.ts
FN:7,handle
FNF:1
FNH:0
FNDA:0,handle
DA:1,1
DA:2,1
DA:3,1
DA:4,1
DA:5,1
DA:6,1
DA:7,1
DA:8,0
DA:9,0
DA:10,0
DA:11,0
DA:12,0
DA:13,0
DA:14,0
DA:15,1
DA:16,1
DA:17,1
LF:17
LH:10
BRF:0
BRH:0
end_of_record
TN:
SF:src\modules\accounts\useCases\resetPassword\ResetPasswordUserUseCase.ts
FN:16,ResetPasswordUserUseCase
FN:25,execute
FNF:2
FNH:0
FNDA:0,ResetPasswordUserUseCase
FNDA:0,execute
DA:1,1
DA:2,1
DA:3,1
DA:4,1
DA:5,1
DA:6,1
DA:7,1
DA:8,1
DA:9,1
DA:10,1
DA:11,1
DA:12,1
DA:13,1
DA:14,1
DA:15,1
DA:16,1
DA:17,0
DA:18,0
DA:19,0
DA:20,0
DA:21,0
DA:22,0
DA:23,0
DA:24,0
DA:25,1
DA:26,0
DA:27,0
DA:28,0
DA:29,0
DA:30,0
DA:31,0
DA:32,0
DA:33,0
DA:34,0
DA:35,0
DA:36,0
DA:37,0
DA:38,0
DA:39,0
DA:40,0
DA:41,0
DA:42,1
DA:43,1
LF:43
LH:19
BRF:0
BRH:0
end_of_record
TN:
SF:src\modules\accounts\useCases\sendForgetPasswordMail\SendForgotPasswordMailController.ts
FN:7,handle
FNF:1
FNH:0
FNDA:0,handle
DA:1,1
DA:2,1
DA:3,1
DA:4,1
DA:5,1
DA:6,1
DA:7,1
DA:8,0
DA:9,0
DA:10,0
DA:11,0
DA:12,0
DA:13,0
DA:14,1
DA:15,1
DA:16,1
LF:16
LH:10
BRF:0
BRH:0
end_of_record
TN:
SF:src\modules\accounts\useCases\sendForgetPasswordMail\SendForgo\SendForgotPasswordMailUseCase.ts
FN:13,SendForgetPasswordMailUseCase
FN:24,execute
FNF:2
FNH:2
FNDA:3,SendForgetPasswordMailUseCase
FNDA:3,execute
DA:1,1
DA:2,1
DA:3,1
DA:4,1
DA:5,1
DA:6,1
DA:7,1
DA:8,1
DA:9,1
DA:10,1
DA:11,1
DA:12,1
DA:13,1
DA:14,3
DA:15,3
DA:16,3
DA:17,3
DA:18,3
DA:19,3
DA:20,3
DA:21,3
DA:22,3
DA:23,1
DA:24,1
DA:25,3
DA:26,3
DA:27,3
DA:28,3
DA:29,1
DA:30,1
DA:31,2
DA:32,2
DA:33,2
DA:34,2
DA:35,2
DA:36,2
DA:37,2
DA:38,2
DA:39,2
DA:40,2
DA:41,2
DA:42,2
DA:43,2
DA:44,2
DA:45,2
DA:46,2
DA:47,2
DA:48,2
DA:49,2
DA:50,2
DA:51,2
DA:52,2
DA:53,1
DA:54,1
DA:55,1
LF:55
LH:55
BRDA:13,0,0,3
BRDA:24,1,0,3
BRDA:28,2,0,1
BRDA:31,3,0,2
BRF:4
BRH:4
end_of_record
TN:
SF:src\modules\accounts\useCases\updateUserAvatar\UpdateUserAvatarController.ts
FN:7,handle
FNF:1
FNH:0
FNDA:0,handle
DA:1,1
DA:2,1
DA:3,1
DA:4,1
DA:5,1
DA:6,1
DA:7,1
DA:8,0
DA:9,0
DA:10,0
DA:11,0
DA:12,0
DA:13,0
DA:14,1
DA:15,1
DA:16,1
LF:16
LH:10
BRF:0
BRH:0
end_of_record
TN:
SF:src\modules\accounts\useCases\updateUserAvatar\updateUserAvatarUseCase.ts
FN:12,UpdateUserAvatarUseCase
FN:17,execute
FNF:2
FNH:0
FNDA:0,UpdateUserAvatarUseCase
FNDA:0,execute
DA:1,1
DA:2,1
DA:3,1
DA:4,1
DA:5,1
DA:6,1
DA:7,1
DA:8,1
DA:9,1
DA:10,1
DA:11,1
DA:12,1
DA:13,0
DA:14,0
DA:15,0
DA:16,1
DA:17,1
DA:18,0
DA:19,0
DA:20,0
DA:21,0
DA:22,0
DA:23,0
DA:24,0
DA:25,0
DA:26,1
DA:27,1
LF:27
LH:16
BRF:0
BRH:0
end_of_record
TN:
SF:src\modules\rentals\useCases\CreateRental\CreateRentalController.ts
FN:7,handle
FNF:1
FNH:0
FNDA:0,handle
DA:1,1
DA:2,1
DA:3,1
DA:4,1
DA:5,1
DA:6,1
DA:7,1
DA:8,0
DA:9,0
DA:10,0
DA:11,0
DA:12,0
DA:13,0
DA:14,0
DA:15,0
DA:16,0
DA:17,0
DA:18,0
DA:19,0
DA:20,0
DA:21,1
DA:22,1
DA:23,1
LF:23
LH:10
BRF:0
BRH:0
end_of_record
TN:
SF:src\modules\rentals\useCases\CreateRental\CreateRentalUseCase.ts
FN:21,CreateRentalUseCase
FN:30,execute
FNF:2
FNH:2
FNDA:4,CreateRentalUseCase
FNDA:5,execute
DA:1,1
DA:2,1
DA:3,1
DA:4,1
DA:5,1
DA:6,1
DA:7,1
DA:8,1
DA:9,1
DA:10,1
DA:11,1
DA:12,1
DA:13,1
DA:14,1
DA:15,1
DA:16,1
DA:17,1
DA:18,1
DA:19,1
DA:20,1
DA:21,1
DA:22,4
DA:23,4
DA:24,4
DA:25,4
DA:26,4
DA:27,4
DA:28,4
DA:29,1
DA:30,1
DA:31,5
DA:32,5
DA:33,5
DA:34,5
DA:35,5
DA:36,5
DA:37,5
DA:38,5
DA:39,1
DA:40,1
DA:41,4
DA:42,4
DA:43,4
DA:44,5
DA:45,1
DA:46,1
DA:47,3
DA:48,3
DA:49,3
DA:50,3
DA:51,5
DA:52,1
DA:53,1
DA:54,2
DA:55,2
DA:56,2
DA:57,2
DA:58,2
DA:59,2
DA:60,2
DA:61,2
DA:62,2
DA:63,2
DA:64,2
DA:65,1
DA:66,1
DA:67,1
LF:67
LH:67
BRDA:21,0,0,4
BRDA:30,1,0,5
BRDA:38,2,0,1
BRDA:41,3,0,4
BRDA:44,4,0,1
BRDA:47,5,0,3
BRDA:51,6,0,1
BRDA:54,7,0,2
BRF:8
BRH:8
end_of_record
TN:
SF:src\modules\rentals\useCases\DevolutionRental\DevolutionRentalController.ts
FN:7,handle
FNF:1
FNH:0
FNDA:0,handle
DA:1,1
DA:2,1
DA:3,1
DA:4,1
DA:5,1
DA:6,1
DA:7,1
DA:8,0
DA:9,0
DA:10,0
DA:11,0
DA:12,0
DA:13,0
DA:14,0
DA:15,0
DA:16,0
DA:17,0
DA:18,0
DA:19,1
DA:20,1
DA:21,1
LF:21
LH:10
BRF:0
BRH:0
end_of_record
TN:
SF:src\modules\rentals\useCases\DevolutionRental\DevolutionRentalUseCase.ts
FN:15,DevolutionRentalUseCase
FN:24,execute
FNF:2
FNH:0
FNDA:0,DevolutionRentalUseCase
FNDA:0,execute
DA:1,1
DA:2,1
DA:3,1
DA:4,1
DA:5,1
DA:6,1
DA:7,1
DA:8,1
DA:9,1
DA:10,1
DA:11,1
DA:12,1
DA:13,1
DA:14,1
DA:15,1
DA:16,0
DA:17,0
DA:18,0
DA:19,0
DA:20,0
DA:21,0
DA:22,0
DA:23,1
DA:24,1
DA:25,0
DA:26,0
DA:27,0
DA:28,0
DA:29,0
DA:30,0
DA:31,0
DA:32,0
DA:33,0
DA:34,0
DA:35,0
DA:36,0
DA:37,0
DA:38,0
DA:39,0
DA:40,0
DA:41,0
DA:42,0
DA:43,0
DA:44,0
DA:45,0
DA:46,0
DA:47,0
DA:48,0
DA:49,0
DA:50,0
DA:51,0
DA:52,0
DA:53,0
DA:54,0
DA:55,0
DA:56,0
DA:57,0
DA:58,0
DA:59,0
DA:60,0
DA:61,0
DA:62,0
DA:63,0
DA:64,1
DA:65,1
DA:66,1
LF:66
LH:20
BRF:0
BRH:0
end_of_record
TN:
SF:src\modules\rentals\useCases\listRentalsByUser\ListRentalsByUserController.ts
FN:7,handle
FNF:1
FNH:0
FNDA:0,handle
DA:1,1
DA:2,1
DA:3,1
DA:4,1
DA:5,1
DA:6,1
DA:7,1
DA:8,0
DA:9,0
DA:10,0
DA:11,0
DA:12,0
DA:13,0
DA:14,0
DA:15,1
DA:16,1
DA:17,1
LF:17
LH:10
BRF:0
BRH:0
end_of_record
TN:
SF:src\modules\rentals\useCases\listRentalsByUser\ListRentalsByUserUseCase.ts
FN:7,ListRentalsByUserUseCase
FN:12,execute
FNF:2
FNH:0
FNDA:0,ListRentalsByUserUseCase
FNDA:0,execute
DA:1,1
DA:2,1
DA:3,1
DA:4,1
DA:5,1
DA:6,1
DA:7,1
DA:8,0
DA:9,0
DA:10,0
DA:11,1
DA:12,1
DA:13,0
DA:14,0
DA:15,0
DA:16,1
DA:17,1
DA:18,1
LF:18
LH:12
BRF:0
BRH:0
end_of_record
